Watching for file changes with StatReloader
D:\Sem1_2025\finalCode\backend\backend\__init__.py changed, reloading.
Watching for file changes with StatReloader
D:\Sem1_2025\finalCode\backend\manage.py changed, reloading.
Watching for file changes with StatReloader
D:\Sem1_2025\finalCode\backend\manage.py changed, reloading.
Watching for file changes with StatReloader
Watching for file changes with StatReloader
Watching for file changes with StatReloader
Watching for file changes with StatReloader
D:\Sem1_2025\finalCode\backend\database\postgresql_connection.py changed, reloading.
Watching for file changes with StatReloader
D:\Sem1_2025\finalCode\backend\backend\settings.py changed, reloading.
D:\Sem1_2025\finalCode\backend\backend\settings.py changed, reloading.
Watching for file changes with StatReloader
Watching for file changes with StatReloader
Watching for file changes with StatReloader
D:\Sem1_2025\finalCode\backend\manage.py changed, reloading.
D:\Sem1_2025\finalCode\backend\manage.py changed, reloading.
Watching for file changes with StatReloader
Watching for file changes with StatReloader
D:\Sem1_2025\finalCode\backend\manage.py changed, reloading.
D:\Sem1_2025\finalCode\backend\manage.py changed, reloading.
Watching for file changes with StatReloader
Watching for file changes with StatReloader
D:\Sem1_2025\finalCode\backend\manage.py changed, reloading.
D:\Sem1_2025\finalCode\backend\manage.py changed, reloading.
Watching for file changes with StatReloader
Watching for file changes with StatReloader
Watching for file changes with StatReloader
Watching for file changes with StatReloader
D:\Sem1_2025\finalCode\backend\manage.py changed, reloading.
Watching for file changes with StatReloader
Watching for file changes with StatReloader
D:\Sem1_2025\finalCode\backend\backend\settings.py changed, reloading.
Watching for file changes with StatReloader
